<html>
<head>
<title>TestNG:  Default test</title>
<link href="../testng.css" rel="stylesheet" type="text/css" />
<link href="../my-testng.css" rel="stylesheet" type="text/css" />

<style type="text/css">
.log { display: none;} 
.stack-trace { display: none;} 
</style>
<script type="text/javascript">
<!--
function flip(e) {
  current = e.style.display;
  if (current == 'block') {
    e.style.display = 'none';
    return 0;
  }
  else {
    e.style.display = 'block';
    return 1;
  }
}

function toggleBox(szDivId, elem, msg1, msg2)
{
  var res = -1;  if (document.getElementById) {
    res = flip(document.getElementById(szDivId));
  }
  else if (document.all) {
    // this is the way old msie versions work
    res = flip(document.all[szDivId]);
  }
  if(elem) {
    if(res == 0) elem.innerHTML = msg1; else elem.innerHTML = msg2;
  }

}

function toggleAllBoxes() {
  if (document.getElementsByTagName) {
    d = document.getElementsByTagName('div');
    for (i = 0; i < d.length; i++) {
      if (d[i].className == 'log') {
        flip(d[i]);
      }
    }
  }
}

// -->
</script>

</head>
<body>
<h2 align='center'>Default test</h2><table border='1' align="center">
<tr>
<td>Tests passed/Failed/Skipped:</td><td>11/1/0</td>
</tr><tr>
<td>Started on:</td><td>Thu Jun 27 15:14:44 IST 2024</td>
</tr>
<tr><td>Total time:</td><td>369 seconds (369939 ms)</td>
</tr><tr>
<td>Included groups:</td><td></td>
</tr><tr>
<td>Excluded groups:</td><td></td>
</tr>
</table><p/>
<small><i>(Hover the method name to see the test class name)</i></small><p/>
<table width='100%' border='1' class='invocation-failed'>
<tr><td colspan='4' align='center'><b>FAILED TESTS</b></td></tr>
<tr><td><b>Test method</b></td>
<td width="30%"><b>Exception</b></td>
<td width="10%"><b>Time (seconds)</b></td>
<td><b>Instance</b></td>
</tr>
<tr>
<td title='com.test.app.Search.AQ_TC012_Verify_error_message_when_empty_file_is_attached_for_case_creation()'><b>AQ_TC012_Verify_error_message_when_empty_file_is_attached_for_case_creation</b><br>Test class: com.test.app.Search<br>Test method: Verify error message when empty file is attached</td>
<td><div><pre>java.lang.AssertionError: AQ_TC012_Verification is un successfulorg.openqa.selenium.InvalidArgumentException: invalid argument: File not found : C:\Sample_mini\Demo//src//test//resources//TestData//KaptureCrawlingJIRA_empty.docx
  (Session info: chrome=126.0.6478.127)
Build info: version: &apos;3.14.0&apos;, revision: &apos;aacccce0&apos;, time: &apos;2018-08-02T20:19:58.91Z&apos;
System info: host: &apos;SC-IN-37QVGS3&apos;, ip: &apos;192.168.0.100&apos;, os.name: &apos;Windows 11&apos;, os.arch: &apos;amd64&apos;, os.version: &apos;10.0&apos;, java.version: &apos;20.0.1&apos;
Driver info: org.openqa.selenium.chrome.ChromeDriver
Capabilities {acceptInsecureCerts: false, browserName: chrome, browserVersion: 126.0.6478.127, chrome: {chromedriverVersion: 126.0.6478.126 (d36ace6122e..., userDataDir: C:\Users\ABHISH~2\AppData\L...}, fedcm:accounts: true, goog:chromeOptions: {debuggerAddress: localhost:58873}, javascriptEnabled: true, networkConnectionEnabled: false, pageLoadStrategy: normal, platform: WINDOWS, platformName: WINDOWS, proxy: Proxy(), setWindowRect: true, strictFileInteractability: false, timeouts: {implicit: 0, pageLoad: 300000, script: 30000}, unhandledPromptBehavior: dismiss and notify, webauthn:extension:credBlob: true, webauthn:extension:largeBlob: true, webauthn:extension:minPinLength: true, webauthn:extension:prf: true, webauthn:virtualAuthenticators: true}
Session ID: f5d7b64163fb38645af4e91e7103c71b
	at org.testng.Assert.fail(Assert.java:96)
	at com.test.app.Search_POM.scenarioFailed(Search_POM.java:293)
	at com.test.app.Search.AQ_TC012_Verify_error_message_when_empty_file_is_attached_for_case_creation(Search.java:367)
	at java.base/jdk.internal.reflect.DirectMethodHandleAccessor.invoke(DirectMethodHandleAccessor.java:104)
	at java.base/java.lang.reflect.Method.invoke(Method.java:578)
	at org.testng.internal.MethodInvocationHelper.invokeMethod(MethodInvocationHelper.java:124)
	at org.testng.internal.Invoker.invokeMethod(Invoker.java:583)
	at org.testng.internal.Invoker.invokeTestMethod(Invoker.java:719)
	at org.testng.internal.Invoker.invokeTestMethods(Invoker.java:989)
	at org.testng.internal.TestMethodWorker.invokeTestMethods(TestMethodWorker.java:125)
	at org.testng.internal.TestMethodWorker.run(TestMethodWorker.java:109)
	at org.testng.TestRunner.privateRun(TestRunner.java:648)
	at org.testng.TestRunner.run(TestRunner.java:505)
	at org.testng.SuiteRunner.runTest(SuiteRunner.java:455)
	at org.testng.SuiteRunner.runSequentially(SuiteRunner.java:450)
	at org.testng.SuiteRunner.privateRun(SuiteRunner.java:415)
	at org.testng.SuiteRunner.run(SuiteRunner.java:364)
	at org.testng.SuiteRunnerWorker.runSuite(SuiteRunnerWorker.java:52)
	at org.testng.SuiteRunnerWorker.run(SuiteRunnerWorker.java:84)
	at org.testng.TestNG.runSuitesSequentially(TestNG.java:1208)
	at org.testng.TestNG.runSuitesLocally(TestNG.java:1137)
	at org.testng.TestNG.runSuites(TestNG.java:1049)
	at org.testng.TestNG.run(TestNG.java:1017)
	at org.testng.remote.AbstractRemoteTestNG.run(AbstractRemoteTestNG.java:115)
	at org.testng.remote.RemoteTestNG.initAndRun(RemoteTestNG.java:251)
	at org.testng.remote.RemoteTestNG.main(RemoteTestNG.java:77)
</pre></div><a href='#' onClick='toggleBox("stack-trace251788397", this, "Click to show all stack frames", "Click to hide stack frames")'>Click to show all stack frames</a>
<div class='stack-trace' id='stack-trace251788397'><pre>java.lang.AssertionError: AQ_TC012_Verification is un successfulorg.openqa.selenium.InvalidArgumentException: invalid argument: File not found : C:\Sample_mini\Demo//src//test//resources//TestData//KaptureCrawlingJIRA_empty.docx
  (Session info: chrome=126.0.6478.127)
Build info: version: &apos;3.14.0&apos;, revision: &apos;aacccce0&apos;, time: &apos;2018-08-02T20:19:58.91Z&apos;
System info: host: &apos;SC-IN-37QVGS3&apos;, ip: &apos;192.168.0.100&apos;, os.name: &apos;Windows 11&apos;, os.arch: &apos;amd64&apos;, os.version: &apos;10.0&apos;, java.version: &apos;20.0.1&apos;
Driver info: org.openqa.selenium.chrome.ChromeDriver
Capabilities {acceptInsecureCerts: false, browserName: chrome, browserVersion: 126.0.6478.127, chrome: {chromedriverVersion: 126.0.6478.126 (d36ace6122e..., userDataDir: C:\Users\ABHISH~2\AppData\L...}, fedcm:accounts: true, goog:chromeOptions: {debuggerAddress: localhost:58873}, javascriptEnabled: true, networkConnectionEnabled: false, pageLoadStrategy: normal, platform: WINDOWS, platformName: WINDOWS, proxy: Proxy(), setWindowRect: true, strictFileInteractability: false, timeouts: {implicit: 0, pageLoad: 300000, script: 30000}, unhandledPromptBehavior: dismiss and notify, webauthn:extension:credBlob: true, webauthn:extension:largeBlob: true, webauthn:extension:minPinLength: true, webauthn:extension:prf: true, webauthn:virtualAuthenticators: true}
Session ID: f5d7b64163fb38645af4e91e7103c71b
	at org.testng.Assert.fail(Assert.java:96)
	at com.test.app.Search_POM.scenarioFailed(Search_POM.java:293)
	at com.test.app.Search.AQ_TC012_Verify_error_message_when_empty_file_is_attached_for_case_creation(Search.java:367)
	at java.base/jdk.internal.reflect.DirectMethodHandleAccessor.invoke(DirectMethodHandleAccessor.java:104)
	at java.base/java.lang.reflect.Method.invoke(Method.java:578)
	at org.testng.internal.MethodInvocationHelper.invokeMethod(MethodInvocationHelper.java:124)
	at org.testng.internal.Invoker.invokeMethod(Invoker.java:583)
	at org.testng.internal.Invoker.invokeTestMethod(Invoker.java:719)
	at org.testng.internal.Invoker.invokeTestMethods(Invoker.java:989)
	at org.testng.internal.TestMethodWorker.invokeTestMethods(TestMethodWorker.java:125)
	at org.testng.internal.TestMethodWorker.run(TestMethodWorker.java:109)
	at org.testng.TestRunner.privateRun(TestRunner.java:648)
	at org.testng.TestRunner.run(TestRunner.java:505)
	at org.testng.SuiteRunner.runTest(SuiteRunner.java:455)
	at org.testng.SuiteRunner.runSequentially(SuiteRunner.java:450)
	at org.testng.SuiteRunner.privateRun(SuiteRunner.java:415)
	at org.testng.SuiteRunner.run(SuiteRunner.java:364)
	at org.testng.SuiteRunnerWorker.runSuite(SuiteRunnerWorker.java:52)
	at org.testng.SuiteRunnerWorker.run(SuiteRunnerWorker.java:84)
	at org.testng.TestNG.runSuitesSequentially(TestNG.java:1208)
	at org.testng.TestNG.runSuitesLocally(TestNG.java:1137)
	at org.testng.TestNG.runSuites(TestNG.java:1049)
	at org.testng.TestNG.run(TestNG.java:1017)
	at org.testng.remote.AbstractRemoteTestNG.run(AbstractRemoteTestNG.java:115)
	at org.testng.remote.RemoteTestNG.initAndRun(RemoteTestNG.java:251)
	at org.testng.remote.RemoteTestNG.main(RemoteTestNG.java:77)
</pre></div></td>
<td>28</td>
<td>com.test.app.Search@18151a14</td></tr>
</table><p>
<table width='100%' border='1' class='invocation-passed'>
<tr><td colspan='4' align='center'><b>PASSED TESTS</b></td></tr>
<tr><td><b>Test method</b></td>
<td width="30%"><b>Exception</b></td>
<td width="10%"><b>Time (seconds)</b></td>
<td><b>Instance</b></td>
</tr>
<tr>
<td title='com.test.app.Search.AQ_TC001_Verify_Ask_a_Question_page_GUI_elements()'><b>AQ_TC001_Verify_Ask_a_Question_page_GUI_elements</b><br>Test class: com.test.app.Search<br>Test method: Verify Ask question page GUI elements</td>
<td></td>
<td>7</td>
<td>com.test.app.Search@18151a14</td></tr>
<tr>
<td title='com.test.app.Search.AQ_TC002_Create_new_case()'><b>AQ_TC002_Create_new_case</b><br>Test class: com.test.app.Search<br>Test method: Verify Create new case functionality</td>
<td></td>
<td>45</td>
<td>com.test.app.Search@18151a14</td></tr>
<tr>
<td title='com.test.app.Search.AQ_TC003_Verify_error_message_when_First_name_field_is_empty()'><b>AQ_TC003_Verify_error_message_when_First_name_field_is_empty</b><br>Test class: com.test.app.Search<br>Test method: Verify error message when First name field is empty</td>
<td></td>
<td>28</td>
<td>com.test.app.Search@18151a14</td></tr>
<tr>
<td title='com.test.app.Search.AQ_TC004_Verify_error_message_when_Last_name_field_is_empty()'><b>AQ_TC004_Verify_error_message_when_Last_name_field_is_empty</b><br>Test class: com.test.app.Search<br>Test method: Verify error message when Last name field is empty</td>
<td></td>
<td>28</td>
<td>com.test.app.Search@18151a14</td></tr>
<tr>
<td title='com.test.app.Search.AQ_TC005_Verify_error_message_when_Email_field_is_empty()'><b>AQ_TC005_Verify_error_message_when_Email_field_is_empty</b><br>Test class: com.test.app.Search<br>Test method: Verify error message when Email field is empty</td>
<td></td>
<td>28</td>
<td>com.test.app.Search@18151a14</td></tr>
<tr>
<td title='com.test.app.Search.AQ_TC006_Verify_error_message_when_Subject_field_is_empty()'><b>AQ_TC006_Verify_error_message_when_Subject_field_is_empty</b><br>Test class: com.test.app.Search<br>Test method: Verify error message when Subject field is empty</td>
<td></td>
<td>28</td>
<td>com.test.app.Search@18151a14</td></tr>
<tr>
<td title='com.test.app.Search.AQ_TC007_Verify_error_message_when_Question_field_is_empty()'><b>AQ_TC007_Verify_error_message_when_Question_field_is_empty</b><br>Test class: com.test.app.Search<br>Test method: Verify error message when Question field is empty</td>
<td></td>
<td>28</td>
<td>com.test.app.Search@18151a14</td></tr>
<tr>
<td title='com.test.app.Search.AQ_TC008_Verify_error_message_when_Account_dropdown_is_empty()'><b>AQ_TC008_Verify_error_message_when_Account_dropdown_is_empty</b><br>Test class: com.test.app.Search<br>Test method: Verify error message when Account dropdown is empty</td>
<td></td>
<td>29</td>
<td>com.test.app.Search@18151a14</td></tr>
<tr>
<td title='com.test.app.Search.AQ_TC010_Verify_error_message_when_Lastname_is_specialCharacter()'><b>AQ_TC010_Verify_error_message_when_Lastname_is_specialCharacter</b><br>Test class: com.test.app.Search<br>Test method: Verify error message when Last name contains special character or number</td>
<td></td>
<td>35</td>
<td>com.test.app.Search@18151a14</td></tr>
<tr>
<td title='com.test.app.Search.AQ_TC011_Verify_error_message_when_EmailID_is_invalid()'><b>AQ_TC011_Verify_error_message_when_EmailID_is_invalid</b><br>Test class: com.test.app.Search<br>Test method: Verify error message when EmailID is invalid</td>
<td></td>
<td>35</td>
<td>com.test.app.Search@18151a14</td></tr>
<tr>
<td title='com.test.app.Search.AQ_TC09_Verify_error_message_when_Firstname_is_specialCharacter()'><b>AQ_TC09_Verify_error_message_when_Firstname_is_specialCharacter</b><br>Test class: com.test.app.Search<br>Test method: Verify error message when Firstname contains special character or numbers</td>
<td></td>
<td>35</td>
<td>com.test.app.Search@18151a14</td></tr>
</table><p>
</body>
</html>