<!DOCTYPE html PUBLIC "-//W3C//DTD XHTML 1.1//EN" "http://www.w3.org/TR/xhtml11/DTD/xhtml11.dtd">
<html xmlns="http://www.w3.org/1999/xhtml">
<head>
<meta http-equiv="content-type" content="text/html; charset=UTF-8"/>
<title>TestNG Report</title>
<style type="text/css">table {margin-bottom:10px;border-collapse:collapse;empty-cells:show}th,td {border:1px solid #009;padding:.25em .5em}th {vertical-align:bottom}td {vertical-align:top}table a {font-weight:bold}.stripe td {background-color: #E6EBF9}.num {text-align:right}.passedodd td {background-color: #3F3}.passedeven td {background-color: #0A0}.skippedodd td {background-color: #DDD}.skippedeven td {background-color: #CCC}.failedodd td,.attn {background-color: #F33}.failedeven td,.stripe .attn {background-color: #D00}.stacktrace {white-space:pre;font-family:monospace}.totop {font-size:85%;text-align:center;border-bottom:2px solid #000}.invisible {display:none}</style>
</head>
<body>
<table>
<tr><th>Test</th><th># Passed</th><th># Skipped</th><th># Failed</th><th>Time (ms)</th><th>Included Groups</th><th>Excluded Groups</th></tr>
<tr><th colspan="7">Default suite</th></tr>
<tr><td><a href="#t0">Default test</a></td><td class="num">11</td><td class="num">0</td><td class="num attn">1</td><td class="num">369,939</td><td></td><td></td></tr>
</table>
<table id='summary'><thead><tr><th>Class</th><th>Method</th><th>Start</th><th>Time (ms)</th></tr></thead><tbody><tr><th colspan="4">Default suite</th></tr></tbody><tbody id="t0"><tr><th colspan="4">Default test &#8212; failed</th></tr><tr class="failedeven"><td rowspan="1">com.test.app.Search</td><td><a href="#m0">AQ_TC012_Verify_error_message_when_empty_file_is_attached_for_case_creation</a></td><td rowspan="1">1719481825370</td><td rowspan="1">28913</td></tr><tr><th colspan="4">Default test &#8212; passed</th></tr><tr class="passedeven"><td rowspan="11">com.test.app.Search</td><td><a href="#m1">AQ_TC001_Verify_Ask_a_Question_page_GUI_elements</a></td><td rowspan="1">1719481493239</td><td rowspan="1">7046</td></tr><tr class="passedeven"><td><a href="#m2">AQ_TC002_Create_new_case</a></td><td rowspan="1">1719481500291</td><td rowspan="1">45862</td></tr><tr class="passedeven"><td><a href="#m3">AQ_TC003_Verify_error_message_when_First_name_field_is_empty</a></td><td rowspan="1">1719481546155</td><td rowspan="1">28984</td></tr><tr class="passedeven"><td><a href="#m4">AQ_TC004_Verify_error_message_when_Last_name_field_is_empty</a></td><td rowspan="1">1719481575142</td><td rowspan="1">28960</td></tr><tr class="passedeven"><td><a href="#m5">AQ_TC005_Verify_error_message_when_Email_field_is_empty</a></td><td rowspan="1">1719481604104</td><td rowspan="1">28968</td></tr><tr class="passedeven"><td><a href="#m6">AQ_TC006_Verify_error_message_when_Subject_field_is_empty</a></td><td rowspan="1">1719481633075</td><td rowspan="1">28991</td></tr><tr class="passedeven"><td><a href="#m7">AQ_TC007_Verify_error_message_when_Question_field_is_empty</a></td><td rowspan="1">1719481662069</td><td rowspan="1">28963</td></tr><tr class="passedeven"><td><a href="#m8">AQ_TC008_Verify_error_message_when_Account_dropdown_is_empty</a></td><td rowspan="1">1719481691035</td><td rowspan="1">29027</td></tr><tr class="passedeven"><td><a href="#m9">AQ_TC010_Verify_error_message_when_Lastname_is_specialCharacter</a></td><td rowspan="1">1719481755199</td><td rowspan="1">35075</td></tr><tr class="passedeven"><td><a href="#m10">AQ_TC011_Verify_error_message_when_EmailID_is_invalid</a></td><td rowspan="1">1719481790276</td><td rowspan="1">35091</td></tr><tr class="passedeven"><td><a href="#m11">AQ_TC09_Verify_error_message_when_Firstname_is_specialCharacter</a></td><td rowspan="1">1719481720065</td><td rowspan="1">35132</td></tr></tbody>
</table>
<h2>Default test</h2><h3 id="m0">com.test.app.Search#AQ_TC012_Verify_error_message_when_empty_file_is_attached_for_case_creation</h3><table class="result"><tr><th>Exception</th></tr><tr><td><div class="stacktrace">java.lang.AssertionError: AQ_TC012_Verification is un successfulorg.openqa.selenium.InvalidArgumentException: invalid argument: File not found : C:\Sample_mini\Demo//src//test//resources//TestData//KaptureCrawlingJIRA_empty.docx
  (Session info: chrome=126.0.6478.127)
Build info: version: &apos;3.14.0&apos;, revision: &apos;aacccce0&apos;, time: &apos;2018-08-02T20:19:58.91Z&apos;
System info: host: &apos;SC-IN-37QVGS3&apos;, ip: &apos;192.168.0.100&apos;, os.name: &apos;Windows 11&apos;, os.arch: &apos;amd64&apos;, os.version: &apos;10.0&apos;, java.version: &apos;20.0.1&apos;
Driver info: org.openqa.selenium.chrome.ChromeDriver
Capabilities {acceptInsecureCerts: false, browserName: chrome, browserVersion: 126.0.6478.127, chrome: {chromedriverVersion: 126.0.6478.126 (d36ace6122e..., userDataDir: C:\Users\ABHISH~2\AppData\L...}, fedcm:accounts: true, goog:chromeOptions: {debuggerAddress: localhost:58873}, javascriptEnabled: true, networkConnectionEnabled: false, pageLoadStrategy: normal, platform: WINDOWS, platformName: WINDOWS, proxy: Proxy(), setWindowRect: true, strictFileInteractability: false, timeouts: {implicit: 0, pageLoad: 300000, script: 30000}, unhandledPromptBehavior: dismiss and notify, webauthn:extension:credBlob: true, webauthn:extension:largeBlob: true, webauthn:extension:minPinLength: true, webauthn:extension:prf: true, webauthn:virtualAuthenticators: true}
Session ID: f5d7b64163fb38645af4e91e7103c71b
	at org.testng.Assert.fail(Assert.java:96)
	at com.test.app.Search_POM.scenarioFailed(Search_POM.java:293)
	at com.test.app.Search.AQ_TC012_Verify_error_message_when_empty_file_is_attached_for_case_creation(Search.java:367)
	at java.base/jdk.internal.reflect.DirectMethodHandleAccessor.invoke(DirectMethodHandleAccessor.java:104)
	at java.base/java.lang.reflect.Method.invoke(Method.java:578)
	at org.testng.internal.MethodInvocationHelper.invokeMethod(MethodInvocationHelper.java:124)
	at org.testng.internal.Invoker.invokeMethod(Invoker.java:583)
	at org.testng.internal.Invoker.invokeTestMethod(Invoker.java:719)
	at org.testng.internal.Invoker.invokeTestMethods(Invoker.java:989)
	at org.testng.internal.TestMethodWorker.invokeTestMethods(TestMethodWorker.java:125)
	at org.testng.internal.TestMethodWorker.run(TestMethodWorker.java:109)
	at org.testng.TestRunner.privateRun(TestRunner.java:648)
	at org.testng.TestRunner.run(TestRunner.java:505)
	at org.testng.SuiteRunner.runTest(SuiteRunner.java:455)
	at org.testng.SuiteRunner.runSequentially(SuiteRunner.java:450)
	at org.testng.SuiteRunner.privateRun(SuiteRunner.java:415)
	at org.testng.SuiteRunner.run(SuiteRunner.java:364)
	at org.testng.SuiteRunnerWorker.runSuite(SuiteRunnerWorker.java:52)
	at org.testng.SuiteRunnerWorker.run(SuiteRunnerWorker.java:84)
	at org.testng.TestNG.runSuitesSequentially(TestNG.java:1208)
	at org.testng.TestNG.runSuitesLocally(TestNG.java:1137)
	at org.testng.TestNG.runSuites(TestNG.java:1049)
	at org.testng.TestNG.run(TestNG.java:1017)
	at org.testng.remote.AbstractRemoteTestNG.run(AbstractRemoteTestNG.java:115)
	at org.testng.remote.RemoteTestNG.initAndRun(RemoteTestNG.java:251)
	at org.testng.remote.RemoteTestNG.main(RemoteTestNG.java:77)
</div></td></tr></table><p class="totop"><a href="#summary">back to summary</a></p>
<h3 id="m1">com.test.app.Search#AQ_TC001_Verify_Ask_a_Question_page_GUI_elements</h3><table class="result"><tr><th class="invisible"/></tr></table><p class="totop"><a href="#summary">back to summary</a></p>
<h3 id="m2">com.test.app.Search#AQ_TC002_Create_new_case</h3><table class="result"><tr><th class="invisible"/></tr></table><p class="totop"><a href="#summary">back to summary</a></p>
<h3 id="m3">com.test.app.Search#AQ_TC003_Verify_error_message_when_First_name_field_is_empty</h3><table class="result"><tr><th class="invisible"/></tr></table><p class="totop"><a href="#summary">back to summary</a></p>
<h3 id="m4">com.test.app.Search#AQ_TC004_Verify_error_message_when_Last_name_field_is_empty</h3><table class="result"><tr><th class="invisible"/></tr></table><p class="totop"><a href="#summary">back to summary</a></p>
<h3 id="m5">com.test.app.Search#AQ_TC005_Verify_error_message_when_Email_field_is_empty</h3><table class="result"><tr><th class="invisible"/></tr></table><p class="totop"><a href="#summary">back to summary</a></p>
<h3 id="m6">com.test.app.Search#AQ_TC006_Verify_error_message_when_Subject_field_is_empty</h3><table class="result"><tr><th class="invisible"/></tr></table><p class="totop"><a href="#summary">back to summary</a></p>
<h3 id="m7">com.test.app.Search#AQ_TC007_Verify_error_message_when_Question_field_is_empty</h3><table class="result"><tr><th class="invisible"/></tr></table><p class="totop"><a href="#summary">back to summary</a></p>
<h3 id="m8">com.test.app.Search#AQ_TC008_Verify_error_message_when_Account_dropdown_is_empty</h3><table class="result"><tr><th class="invisible"/></tr></table><p class="totop"><a href="#summary">back to summary</a></p>
<h3 id="m9">com.test.app.Search#AQ_TC010_Verify_error_message_when_Lastname_is_specialCharacter</h3><table class="result"><tr><th class="invisible"/></tr></table><p class="totop"><a href="#summary">back to summary</a></p>
<h3 id="m10">com.test.app.Search#AQ_TC011_Verify_error_message_when_EmailID_is_invalid</h3><table class="result"><tr><th class="invisible"/></tr></table><p class="totop"><a href="#summary">back to summary</a></p>
<h3 id="m11">com.test.app.Search#AQ_TC09_Verify_error_message_when_Firstname_is_specialCharacter</h3><table class="result"><tr><th class="invisible"/></tr></table><p class="totop"><a href="#summary">back to summary</a></p>
</body>
</html>
