<?xml version="1.0" encoding="UTF-8"?>
<testng-results ignored="0" total="12" passed="11" failed="1" skipped="0">
  <reporter-output>
  </reporter-output>
  <suite started-at="2024-06-27T09:44:44Z" name="Default suite" finished-at="2024-06-27T09:50:54Z" duration-ms="369939">
    <groups>
    </groups>
    <test started-at="2024-06-27T09:44:44Z" name="Default test" finished-at="2024-06-27T09:50:54Z" duration-ms="369939">
      <class name="com.test.app.Search">
        <test-method is-config="true" signature="testSignIn()[pri:0, instance:com.test.app.Search@18151a14]" started-at="2024-06-27T09:44:44Z" name="testSignIn" finished-at="2024-06-27T09:44:53Z" duration-ms="8398" status="PASS">
          <reporter-output>
          </reporter-output>
        </test-method> <!-- testSignIn -->
        <test-method signature="AQ_TC001_Verify_Ask_a_Question_page_GUI_elements()[pri:1, instance:com.test.app.Search@18151a14]" started-at="2024-06-27T09:44:53Z" name="AQ_TC001_Verify_Ask_a_Question_page_GUI_elements" description="Verify Ask question page GUI elements" finished-at="2024-06-27T09:45:00Z" duration-ms="7046" status="PASS">
          <reporter-output>
          </reporter-output>
        </test-method> <!-- AQ_TC001_Verify_Ask_a_Question_page_GUI_elements -->
        <test-method signature="AQ_TC002_Create_new_case()[pri:2, instance:com.test.app.Search@18151a14]" started-at="2024-06-27T09:45:00Z" name="AQ_TC002_Create_new_case" description="Verify Create new case functionality" finished-at="2024-06-27T09:45:46Z" duration-ms="45862" status="PASS">
          <reporter-output>
          </reporter-output>
        </test-method> <!-- AQ_TC002_Create_new_case -->
        <test-method signature="AQ_TC003_Verify_error_message_when_First_name_field_is_empty()[pri:3, instance:com.test.app.Search@18151a14]" started-at="2024-06-27T09:45:46Z" name="AQ_TC003_Verify_error_message_when_First_name_field_is_empty" description="Verify error message when First name field is empty" finished-at="2024-06-27T09:46:15Z" duration-ms="28984" status="PASS">
          <reporter-output>
          </reporter-output>
        </test-method> <!-- AQ_TC003_Verify_error_message_when_First_name_field_is_empty -->
        <test-method signature="AQ_TC004_Verify_error_message_when_Last_name_field_is_empty()[pri:4, instance:com.test.app.Search@18151a14]" started-at="2024-06-27T09:46:15Z" name="AQ_TC004_Verify_error_message_when_Last_name_field_is_empty" description="Verify error message when Last name field is empty" finished-at="2024-06-27T09:46:44Z" duration-ms="28960" status="PASS">
          <reporter-output>
          </reporter-output>
        </test-method> <!-- AQ_TC004_Verify_error_message_when_Last_name_field_is_empty -->
        <test-method signature="AQ_TC005_Verify_error_message_when_Email_field_is_empty()[pri:5, instance:com.test.app.Search@18151a14]" started-at="2024-06-27T09:46:44Z" name="AQ_TC005_Verify_error_message_when_Email_field_is_empty" description="Verify error message when Email field is empty" finished-at="2024-06-27T09:47:13Z" duration-ms="28968" status="PASS">
          <reporter-output>
          </reporter-output>
        </test-method> <!-- AQ_TC005_Verify_error_message_when_Email_field_is_empty -->
        <test-method signature="AQ_TC006_Verify_error_message_when_Subject_field_is_empty()[pri:6, instance:com.test.app.Search@18151a14]" started-at="2024-06-27T09:47:13Z" name="AQ_TC006_Verify_error_message_when_Subject_field_is_empty" description="Verify error message when Subject field is empty" finished-at="2024-06-27T09:47:42Z" duration-ms="28991" status="PASS">
          <reporter-output>
          </reporter-output>
        </test-method> <!-- AQ_TC006_Verify_error_message_when_Subject_field_is_empty -->
        <test-method signature="AQ_TC007_Verify_error_message_when_Question_field_is_empty()[pri:7, instance:com.test.app.Search@18151a14]" started-at="2024-06-27T09:47:42Z" name="AQ_TC007_Verify_error_message_when_Question_field_is_empty" description="Verify error message when Question field is empty" finished-at="2024-06-27T09:48:11Z" duration-ms="28963" status="PASS">
          <reporter-output>
          </reporter-output>
        </test-method> <!-- AQ_TC007_Verify_error_message_when_Question_field_is_empty -->
        <test-method signature="AQ_TC008_Verify_error_message_when_Account_dropdown_is_empty()[pri:8, instance:com.test.app.Search@18151a14]" started-at="2024-06-27T09:48:11Z" name="AQ_TC008_Verify_error_message_when_Account_dropdown_is_empty" description="Verify error message when Account dropdown is empty" finished-at="2024-06-27T09:48:40Z" duration-ms="29027" status="PASS">
          <reporter-output>
          </reporter-output>
        </test-method> <!-- AQ_TC008_Verify_error_message_when_Account_dropdown_is_empty -->
        <test-method signature="AQ_TC09_Verify_error_message_when_Firstname_is_specialCharacter()[pri:9, instance:com.test.app.Search@18151a14]" started-at="2024-06-27T09:48:40Z" name="AQ_TC09_Verify_error_message_when_Firstname_is_specialCharacter" description="Verify error message when Firstname contains special character or numbers" finished-at="2024-06-27T09:49:15Z" duration-ms="35132" status="PASS">
          <reporter-output>
          </reporter-output>
        </test-method> <!-- AQ_TC09_Verify_error_message_when_Firstname_is_specialCharacter -->
        <test-method signature="AQ_TC010_Verify_error_message_when_Lastname_is_specialCharacter()[pri:10, instance:com.test.app.Search@18151a14]" started-at="2024-06-27T09:49:15Z" name="AQ_TC010_Verify_error_message_when_Lastname_is_specialCharacter" description="Verify error message when Last name contains special character or number" finished-at="2024-06-27T09:49:50Z" duration-ms="35075" status="PASS">
          <reporter-output>
          </reporter-output>
        </test-method> <!-- AQ_TC010_Verify_error_message_when_Lastname_is_specialCharacter -->
        <test-method signature="AQ_TC011_Verify_error_message_when_EmailID_is_invalid()[pri:11, instance:com.test.app.Search@18151a14]" started-at="2024-06-27T09:49:50Z" name="AQ_TC011_Verify_error_message_when_EmailID_is_invalid" description="Verify error message when EmailID is invalid" finished-at="2024-06-27T09:50:25Z" duration-ms="35091" status="PASS">
          <reporter-output>
          </reporter-output>
        </test-method> <!-- AQ_TC011_Verify_error_message_when_EmailID_is_invalid -->
        <test-method signature="AQ_TC012_Verify_error_message_when_empty_file_is_attached_for_case_creation()[pri:12, instance:com.test.app.Search@18151a14]" started-at="2024-06-27T09:50:25Z" name="AQ_TC012_Verify_error_message_when_empty_file_is_attached_for_case_creation" description="Verify error message when empty file is attached" finished-at="2024-06-27T09:50:54Z" duration-ms="28913" status="FAIL">
          <exception class="java.lang.AssertionError">
            <message>
              <![CDATA[AQ_TC012_Verification is un successfulorg.openqa.selenium.InvalidArgumentException: invalid argument: File not found : C:\Sample_mini\Demo//src//test//resources//TestData//KaptureCrawlingJIRA_empty.docx
  (Session info: chrome=126.0.6478.127)
Build info: version: '3.14.0', revision: 'aacccce0', time: '2018-08-02T20:19:58.91Z'
System info: host: 'SC-IN-37QVGS3', ip: '192.168.0.100', os.name: 'Windows 11', os.arch: 'amd64', os.version: '10.0', java.version: '20.0.1'
Driver info: org.openqa.selenium.chrome.ChromeDriver
Capabilities {acceptInsecureCerts: false, browserName: chrome, browserVersion: 126.0.6478.127, chrome: {chromedriverVersion: 126.0.6478.126 (d36ace6122e..., userDataDir: C:\Users\ABHISH~2\AppData\L...}, fedcm:accounts: true, goog:chromeOptions: {debuggerAddress: localhost:58873}, javascriptEnabled: true, networkConnectionEnabled: false, pageLoadStrategy: normal, platform: WINDOWS, platformName: WINDOWS, proxy: Proxy(), setWindowRect: true, strictFileInteractability: false, timeouts: {implicit: 0, pageLoad: 300000, script: 30000}, unhandledPromptBehavior: dismiss and notify, webauthn:extension:credBlob: true, webauthn:extension:largeBlob: true, webauthn:extension:minPinLength: true, webauthn:extension:prf: true, webauthn:virtualAuthenticators: true}
Session ID: f5d7b64163fb38645af4e91e7103c71b]]>
            </message>
            <full-stacktrace>
              <![CDATA[java.lang.AssertionError: AQ_TC012_Verification is un successfulorg.openqa.selenium.InvalidArgumentException: invalid argument: File not found : C:\Sample_mini\Demo//src//test//resources//TestData//KaptureCrawlingJIRA_empty.docx
  (Session info: chrome=126.0.6478.127)
Build info: version: '3.14.0', revision: 'aacccce0', time: '2018-08-02T20:19:58.91Z'
System info: host: 'SC-IN-37QVGS3', ip: '192.168.0.100', os.name: 'Windows 11', os.arch: 'amd64', os.version: '10.0', java.version: '20.0.1'
Driver info: org.openqa.selenium.chrome.ChromeDriver
Capabilities {acceptInsecureCerts: false, browserName: chrome, browserVersion: 126.0.6478.127, chrome: {chromedriverVersion: 126.0.6478.126 (d36ace6122e..., userDataDir: C:\Users\ABHISH~2\AppData\L...}, fedcm:accounts: true, goog:chromeOptions: {debuggerAddress: localhost:58873}, javascriptEnabled: true, networkConnectionEnabled: false, pageLoadStrategy: normal, platform: WINDOWS, platformName: WINDOWS, proxy: Proxy(), setWindowRect: true, strictFileInteractability: false, timeouts: {implicit: 0, pageLoad: 300000, script: 30000}, unhandledPromptBehavior: dismiss and notify, webauthn:extension:credBlob: true, webauthn:extension:largeBlob: true, webauthn:extension:minPinLength: true, webauthn:extension:prf: true, webauthn:virtualAuthenticators: true}
Session ID: f5d7b64163fb38645af4e91e7103c71b
at org.testng.Assert.fail(Assert.java:96)
at com.test.app.Search_POM.scenarioFailed(Search_POM.java:293)
at com.test.app.Search.AQ_TC012_Verify_error_message_when_empty_file_is_attached_for_case_creation(Search.java:367)
at java.base/jdk.internal.reflect.DirectMethodHandleAccessor.invoke(DirectMethodHandleAccessor.java:104)
at java.base/java.lang.reflect.Method.invoke(Method.java:578)
at org.testng.internal.MethodInvocationHelper.invokeMethod(MethodInvocationHelper.java:124)
at org.testng.internal.Invoker.invokeMethod(Invoker.java:583)
at org.testng.internal.Invoker.invokeTestMethod(Invoker.java:719)
at org.testng.internal.Invoker.invokeTestMethods(Invoker.java:989)
at org.testng.internal.TestMethodWorker.invokeTestMethods(TestMethodWorker.java:125)
at org.testng.internal.TestMethodWorker.run(TestMethodWorker.java:109)
at org.testng.TestRunner.privateRun(TestRunner.java:648)
at org.testng.TestRunner.run(TestRunner.java:505)
at org.testng.SuiteRunner.runTest(SuiteRunner.java:455)
at org.testng.SuiteRunner.runSequentially(SuiteRunner.java:450)
at org.testng.SuiteRunner.privateRun(SuiteRunner.java:415)
at org.testng.SuiteRunner.run(SuiteRunner.java:364)
at org.testng.SuiteRunnerWorker.runSuite(SuiteRunnerWorker.java:52)
at org.testng.SuiteRunnerWorker.run(SuiteRunnerWorker.java:84)
at org.testng.TestNG.runSuitesSequentially(TestNG.java:1208)
at org.testng.TestNG.runSuitesLocally(TestNG.java:1137)
at org.testng.TestNG.runSuites(TestNG.java:1049)
at org.testng.TestNG.run(TestNG.java:1017)
at org.testng.remote.AbstractRemoteTestNG.run(AbstractRemoteTestNG.java:115)
at org.testng.remote.RemoteTestNG.initAndRun(RemoteTestNG.java:251)
at org.testng.remote.RemoteTestNG.main(RemoteTestNG.java:77)
]]>
            </full-stacktrace>
          </exception> <!-- java.lang.AssertionError -->
          <reporter-output>
          </reporter-output>
        </test-method> <!-- AQ_TC012_Verify_error_message_when_empty_file_is_attached_for_case_creation -->
        <test-method is-config="true" signature="teardown()[pri:0, instance:com.test.app.Search@18151a14]" started-at="2024-06-27T09:50:54Z" name="teardown" finished-at="2024-06-27T09:50:54Z" duration-ms="120" status="PASS">
          <reporter-output>
          </reporter-output>
        </test-method> <!-- teardown -->
      </class> <!-- com.test.app.Search -->
    </test> <!-- Default test -->
  </suite> <!-- Default suite -->
</testng-results>
